<?xml version="1.0" encoding="UTF-8"?>
<!-- Generated by org.testng.reporters.JUnitXMLReporter -->
<testsuite ignored="0" hostname="Dinesh-MSI" failures="0" tests="3" name="Default test" time="31.959" errors="0" timestamp="2022-01-19T16:01:36 IST">
  <testcase classname="com.policybazzar.Main" name="travel_insurance" time="19.321"/>
  <testcase classname="com.policybazzar.Main" name="car_insurance" time="10.497"/>
  <testcase classname="com.policybazzar.Main" name="health_insurance" time="2.091"/>
</testsuite> <!-- Default test -->
