<?xml version="1.0" encoding="UTF-8"?>
<testng-results ignored="0" total="3" passed="3" failed="0" skipped="0">
  <reporter-output>
  </reporter-output>
  <suite started-at="2022-01-19T17:46:14 IST" name="Default suite" finished-at="2022-01-19T17:46:51 IST" duration-ms="37009">
    <groups>
    </groups>
    <test started-at="2022-01-19T17:46:14 IST" name="Default test" finished-at="2022-01-19T17:46:51 IST" duration-ms="37009">
      <class name="com.policybazzar.Main">
        <test-method is-config="true" signature="setup()[pri:0, instance:com.policybazzar.Main@15f47664]" started-at="2022-01-19T17:45:58 IST" name="setup" finished-at="2022-01-19T17:46:14 IST" duration-ms="16064" status="PASS">
          <reporter-output>
          </reporter-output>
        </test-method> <!-- setup -->
        <test-method signature="travel_insurance()[pri:1, instance:com.policybazzar.Main@15f47664]" started-at="2022-01-19T17:46:15 IST" name="travel_insurance" finished-at="2022-01-19T17:46:39 IST" duration-ms="24467" status="PASS">
          <reporter-output>
          </reporter-output>
        </test-method> <!-- travel_insurance -->
        <test-method signature="car_insurance()[pri:2, instance:com.policybazzar.Main@15f47664]" started-at="2022-01-19T17:46:39 IST" name="car_insurance" finished-at="2022-01-19T17:46:49 IST" duration-ms="10280" status="PASS">
          <reporter-output>
          </reporter-output>
        </test-method> <!-- car_insurance -->
        <test-method signature="health_insurance()[pri:3, instance:com.policybazzar.Main@15f47664]" started-at="2022-01-19T17:46:49 IST" name="health_insurance" finished-at="2022-01-19T17:46:51 IST" duration-ms="2175" status="PASS">
          <reporter-output>
          </reporter-output>
        </test-method> <!-- health_insurance -->
        <test-method is-config="true" signature="close_browser()[pri:0, instance:com.policybazzar.Main@15f47664]" started-at="2022-01-19T17:46:52 IST" name="close_browser" finished-at="2022-01-19T17:46:55 IST" duration-ms="3680" status="PASS">
          <reporter-output>
          </reporter-output>
        </test-method> <!-- close_browser -->
      </class> <!-- com.policybazzar.Main -->
    </test> <!-- Default test -->
  </suite> <!-- Default suite -->
</testng-results>
