<?xml version="1.0" encoding="UTF-8"?>
<testng-results ignored="0" total="3" passed="3" failed="0" skipped="0">
  <reporter-output>
  </reporter-output>
  <suite started-at="2022-01-19T16:12:03 IST" name="Default suite" finished-at="2022-01-19T16:12:28 IST" duration-ms="25691">
    <groups>
    </groups>
    <test started-at="2022-01-19T16:12:03 IST" name="Default test" finished-at="2022-01-19T16:12:28 IST" duration-ms="25691">
      <class name="com.policybazzar.Main">
        <test-method is-config="true" signature="setup()[pri:0, instance:com.policybazzar.Main@15f47664]" started-at="2022-01-19T16:11:51 IST" name="setup" finished-at="2022-01-19T16:12:03 IST" duration-ms="11203" status="PASS">
          <reporter-output>
          </reporter-output>
        </test-method> <!-- setup -->
        <test-method signature="travel_insurance()[pri:1, instance:com.policybazzar.Main@15f47664]" started-at="2022-01-19T16:12:03 IST" name="travel_insurance" finished-at="2022-01-19T16:12:24 IST" duration-ms="21275" status="PASS">
          <reporter-output>
          </reporter-output>
        </test-method> <!-- travel_insurance -->
        <test-method signature="car_insurance()[pri:2, instance:com.policybazzar.Main@15f47664]" started-at="2022-01-19T16:12:24 IST" name="car_insurance" finished-at="2022-01-19T16:12:26 IST" duration-ms="2051" status="PASS">
          <reporter-output>
          </reporter-output>
        </test-method> <!-- car_insurance -->
        <test-method signature="health_insurance()[pri:3, instance:com.policybazzar.Main@15f47664]" started-at="2022-01-19T16:12:26 IST" name="health_insurance" finished-at="2022-01-19T16:12:28 IST" duration-ms="2296" status="PASS">
          <reporter-output>
          </reporter-output>
        </test-method> <!-- health_insurance -->
        <test-method is-config="true" signature="close_browser()[pri:0, instance:com.policybazzar.Main@15f47664]" started-at="2022-01-19T16:12:28 IST" name="close_browser" finished-at="2022-01-19T16:12:31 IST" duration-ms="2474" status="PASS">
          <reporter-output>
          </reporter-output>
        </test-method> <!-- close_browser -->
      </class> <!-- com.policybazzar.Main -->
    </test> <!-- Default test -->
  </suite> <!-- Default suite -->
</testng-results>
